<?xml version="1.0" encoding="UTF-8"?>
<!-- Generated by org.testng.reporters.JUnitXMLReporter -->
<testsuite hostname="DESKTOP-215FQQV" ignored="0" name="Surefire test" tests="4" failures="0" timestamp="2020-04-30T15:29:12 IST" time="0.077" errors="0">
  <testcase name="@BeforeClass classetup" time="-1.588240752728E9" classname="com.actitime.configuration.CommonSetup">
    <failure type="org.testng.TestNGException" message="
Parameter &amp;apos;browser&amp;apos; is required by BeforeClass on method classetup but has not been marked @Optional or defined
">
      <![CDATA[org.testng.TestNGException: 
Parameter 'browser' is required by BeforeClass on method classetup but has not been marked @Optional or defined

at java.util.ArrayList.forEach(ArrayList.java:1257)
... Removed 27 stack frames]]>
    </failure>
  </testcase> <!-- @BeforeClass classetup -->
  <testcase name="@BeforeMethod loginSetup" time="-1.588240752769E9" classname="com.actitime.configuration.CommonSetup">
    <skipped/>
  </testcase> <!-- @BeforeMethod loginSetup -->
  <testcase name="@AfterMethod logout" time="-1.588240752774E9" classname="com.actitime.configuration.CommonSetup">
    <skipped/>
  </testcase> <!-- @AfterMethod logout -->
  <testcase name="@BeforeMethod loginSetup" time="-1.588240752775E9" classname="com.actitime.configuration.CommonSetup">
    <skipped/>
  </testcase> <!-- @BeforeMethod loginSetup -->
  <testcase name="@AfterMethod logout" time="-1.588240752777E9" classname="com.actitime.configuration.CommonSetup">
    <skipped/>
  </testcase> <!-- @AfterMethod logout -->
  <testcase name="@AfterClass classteardown" time="-1.588240752777E9" classname="com.actitime.configuration.CommonSetup">
    <skipped/>
  </testcase> <!-- @AfterClass classteardown -->
  <testcase name="@BeforeClass classetup" time="-1.58824075278E9" classname="com.actitime.configuration.CommonSetup">
    <failure type="org.testng.TestNGException" message="
Parameter &amp;apos;browser&amp;apos; is required by BeforeClass on method classetup but has not been marked @Optional or defined
">
      <![CDATA[org.testng.TestNGException: 
Parameter 'browser' is required by BeforeClass on method classetup but has not been marked @Optional or defined

at java.util.ArrayList.forEach(ArrayList.java:1257)
... Removed 27 stack frames]]>
    </failure>
  </testcase> <!-- @BeforeClass classetup -->
  <testcase name="@BeforeMethod loginSetup" time="-1.588240752782E9" classname="com.actitime.configuration.CommonSetup">
    <skipped/>
  </testcase> <!-- @BeforeMethod loginSetup -->
  <testcase name="@AfterMethod logout" time="-1.588240752782E9" classname="com.actitime.configuration.CommonSetup">
    <skipped/>
  </testcase> <!-- @AfterMethod logout -->
  <testcase name="@AfterClass classteardown" time="-1.588240752782E9" classname="com.actitime.configuration.CommonSetup">
    <skipped/>
  </testcase> <!-- @AfterClass classteardown -->
  <testcase name="@BeforeClass classetup" time="-1.588240752783E9" classname="com.actitime.configuration.CommonSetup">
    <failure type="org.testng.TestNGException" message="
Parameter &amp;apos;browser&amp;apos; is required by BeforeClass on method classetup but has not been marked @Optional or defined
">
      <![CDATA[org.testng.TestNGException: 
Parameter 'browser' is required by BeforeClass on method classetup but has not been marked @Optional or defined

at java.util.ArrayList.forEach(ArrayList.java:1257)
... Removed 27 stack frames]]>
    </failure>
  </testcase> <!-- @BeforeClass classetup -->
  <testcase name="@BeforeMethod loginSetup" time="-1.588240752785E9" classname="com.actitime.configuration.CommonSetup">
    <skipped/>
  </testcase> <!-- @BeforeMethod loginSetup -->
  <testcase name="@AfterMethod logout" time="-1.588240752785E9" classname="com.actitime.configuration.CommonSetup">
    <skipped/>
  </testcase> <!-- @AfterMethod logout -->
  <testcase name="@AfterClass classteardown" time="-1.588240752786E9" classname="com.actitime.configuration.CommonSetup">
    <skipped/>
  </testcase> <!-- @AfterClass classteardown -->
  <testcase name="createCustomerWithNameAndDescription" time="0.0" classname="com.actitime.testscripts.CreateCustomerTest">
    <skipped/>
  </testcase> <!-- createCustomerWithNameAndDescription -->
  <testcase name="createCustomerwithName" time="0.0" classname="com.actitime.testscripts.CreateCustomerTest">
    <skipped/>
  </testcase> <!-- createCustomerwithName -->
  <testcase name="loginTest" time="0.0" classname="com.actitime.testscripts.LoginTest">
    <skipped/>
  </testcase> <!-- loginTest -->
  <testcase name="TaskTest" time="0.0" classname="com.actitime.testscripts.TaskTest">
    <skipped/>
  </testcase> <!-- TaskTest -->
</testsuite> <!-- Surefire test -->
