<?xml version="1.0" encoding="UTF-8"?>
<!-- Generated by org.testng.reporters.JUnitXMLReporter -->
<testsuite hostname="DESKTOP-215FQQV" ignored="0" name="CreateCustomerTest" tests="2" failures="0" timestamp="30 Apr 2020 10:00:20 GMT" time="0.057" errors="0">
  <testcase name="@BeforeClass classetup" time="0.0" classname="com.actitime.configuration.CommonSetup">
    <failure type="org.testng.TestNGException" message="
Parameter &amp;apos;browser&amp;apos; is required by BeforeClass on method classetup but has not been marked @Optional or defined
in C:\Users\DELL\Desktop\java 1.8.201\ActitimeProject\testng.xml">
      <![CDATA[org.testng.TestNGException: 
Parameter 'browser' is required by BeforeClass on method classetup but has not been marked @Optional or defined
in C:\Users\DELL\Desktop\java 1.8.201\ActitimeProject\testng.xml
... Removed 23 stack frames]]>
    </failure>
  </testcase> <!-- @BeforeClass classetup -->
  <testcase name="@BeforeMethod loginSetup" time="0.0" classname="com.actitime.configuration.CommonSetup">
    <skipped/>
  </testcase> <!-- @BeforeMethod loginSetup -->
  <testcase name="@AfterMethod logout" time="0.0" classname="com.actitime.configuration.CommonSetup">
    <skipped/>
  </testcase> <!-- @AfterMethod logout -->
  <testcase name="@BeforeMethod loginSetup" time="0.0" classname="com.actitime.configuration.CommonSetup">
    <skipped/>
  </testcase> <!-- @BeforeMethod loginSetup -->
  <testcase name="@AfterMethod logout" time="0.0" classname="com.actitime.configuration.CommonSetup">
    <skipped/>
  </testcase> <!-- @AfterMethod logout -->
  <testcase name="@AfterClass classteardown" time="0.0" classname="com.actitime.configuration.CommonSetup">
    <skipped/>
  </testcase> <!-- @AfterClass classteardown -->
  <testcase name="createCustomerWithNameAndDescription" time="0.0" classname="com.actitime.testscripts.CreateCustomerTest">
    <skipped/>
  </testcase> <!-- createCustomerWithNameAndDescription -->
  <testcase name="createCustomerwithName" time="0.0" classname="com.actitime.testscripts.CreateCustomerTest">
    <skipped/>
  </testcase> <!-- createCustomerwithName -->
</testsuite> <!-- CreateCustomerTest -->
