<?xml version="1.0" encoding="UTF-8"?>
<!-- Generated by org.testng.reporters.JUnitXMLReporter -->
<testsuite hostname="DESKTOP-215FQQV" ignored="0" name="VerifyHomeTitleTest" tests="1" failures="1" timestamp="30 Apr 2020 05:07:15 GMT" time="54.446" errors="0">
  <testcase name="verifyTitle" time="3.299" classname="com.actitime.testscripts.VerifyHomeTitle">
    <failure type="java.lang.AssertionError" message="expected [true] but found [false]">
      <![CDATA[java.lang.AssertionError: expected [true] but found [false]
at com.actitime.testscripts.VerifyHomeTitle.verifyTitle(VerifyHomeTitle.java:29)
... Removed 29 stack frames]]>
    </failure>
  </testcase> <!-- verifyTitle -->
</testsuite> <!-- VerifyHomeTitleTest -->
