<?xml version="1.0" encoding="UTF-8"?>
<testng-results skipped="2" failed="0" ignored="0" total="2" passed="0">
  <reporter-output>
  </reporter-output>
  <suite name="Suite" duration-ms="57" started-at="2020-04-30T10:00:20Z" finished-at="2020-04-30T10:00:20Z">
    <groups>
    </groups>
    <test name="CreateCustomerTest" duration-ms="57" started-at="2020-04-30T10:00:20Z" finished-at="2020-04-30T10:00:20Z">
      <class name="com.actitime.testscripts.CreateCustomerTest">
        <test-method status="FAIL" signature="classetup(java.lang.String)[pri:0, instance:com.actitime.testscripts.CreateCustomerTest@3abbfa04]" name="classetup" is-config="true" duration-ms="0" started-at="2020-04-30T10:00:20Z" finished-at="2020-04-30T10:00:20Z">
          <exception class="org.testng.TestNGException">
            <message>
              <![CDATA[
Parameter 'browser' is required by BeforeClass on method classetup but has not been marked @Optional or defined
in C:\Users\DELL\Desktop\java 1.8.201\ActitimeProject\testng.xml]]>
            </message>
            <full-stacktrace>
              <![CDATA[org.testng.TestNGException: 
Parameter 'browser' is required by BeforeClass on method classetup but has not been marked @Optional or defined
in C:\Users\DELL\Desktop\java 1.8.201\ActitimeProject\testng.xml
at org.testng.internal.Parameters.createParams(Parameters.java:290)
at org.testng.internal.Parameters.createParametersForMethod(Parameters.java:359)
at org.testng.internal.Parameters.createParameters(Parameters.java:620)
at org.testng.internal.Parameters.createConfigurationParameters(Parameters.java:190)
at org.testng.internal.Invoker.invokeConfigurations(Invoker.java:209)
at org.testng.internal.Invoker.invokeConfigurations(Invoker.java:142)
at org.testng.internal.TestMethodWorker.invokeBeforeClassMethods(TestMethodWorker.java:168)
at org.testng.internal.TestMethodWorker.run(TestMethodWorker.java:105)
at org.testng.TestRunner.privateRun(TestRunner.java:648)
at org.testng.TestRunner.run(TestRunner.java:505)
at org.testng.SuiteRunner.runTest(SuiteRunner.java:455)
at org.testng.SuiteRunner.runSequentially(SuiteRunner.java:450)
at org.testng.SuiteRunner.privateRun(SuiteRunner.java:415)
at org.testng.SuiteRunner.run(SuiteRunner.java:364)
at org.testng.SuiteRunnerWorker.runSuite(SuiteRunnerWorker.java:52)
at org.testng.SuiteRunnerWorker.run(SuiteRunnerWorker.java:84)
at org.testng.TestNG.runSuitesSequentially(TestNG.java:1208)
at org.testng.TestNG.runSuitesLocally(TestNG.java:1137)
at org.testng.TestNG.runSuites(TestNG.java:1049)
at org.testng.TestNG.run(TestNG.java:1017)
at org.testng.remote.AbstractRemoteTestNG.run(AbstractRemoteTestNG.java:114)
at org.testng.remote.RemoteTestNG.initAndRun(RemoteTestNG.java:251)
at org.testng.remote.RemoteTestNG.main(RemoteTestNG.java:77)
]]>
            </full-stacktrace>
          </exception> <!-- org.testng.TestNGException -->
          <reporter-output>
          </reporter-output>
        </test-method> <!-- classetup -->
        <test-method status="SKIP" signature="loginSetup()[pri:0, instance:com.actitime.testscripts.CreateCustomerTest@3abbfa04]" name="loginSetup" is-config="true" duration-ms="0" started-at="2020-04-30T10:00:20Z" finished-at="2020-04-30T10:00:20Z">
          <reporter-output>
          </reporter-output>
        </test-method> <!-- loginSetup -->
        <test-method status="SKIP" signature="createCustomerWithNameAndDescription()[pri:0, instance:com.actitime.testscripts.CreateCustomerTest@3abbfa04]" name="createCustomerWithNameAndDescription" duration-ms="0" started-at="2020-04-30T10:00:20Z" finished-at="2020-04-30T10:00:20Z">
          <exception class="org.testng.TestNGException">
            <message>
              <![CDATA[
Parameter 'browser' is required by BeforeClass on method classetup but has not been marked @Optional or defined
in C:\Users\DELL\Desktop\java 1.8.201\ActitimeProject\testng.xml]]>
            </message>
            <full-stacktrace>
              <![CDATA[org.testng.TestNGException: 
Parameter 'browser' is required by BeforeClass on method classetup but has not been marked @Optional or defined
in C:\Users\DELL\Desktop\java 1.8.201\ActitimeProject\testng.xml
at org.testng.internal.Parameters.createParams(Parameters.java:290)
at org.testng.internal.Parameters.createParametersForMethod(Parameters.java:359)
at org.testng.internal.Parameters.createParameters(Parameters.java:620)
at org.testng.internal.Parameters.createConfigurationParameters(Parameters.java:190)
at org.testng.internal.Invoker.invokeConfigurations(Invoker.java:209)
at org.testng.internal.Invoker.invokeConfigurations(Invoker.java:142)
at org.testng.internal.TestMethodWorker.invokeBeforeClassMethods(TestMethodWorker.java:168)
at org.testng.internal.TestMethodWorker.run(TestMethodWorker.java:105)
at org.testng.TestRunner.privateRun(TestRunner.java:648)
at org.testng.TestRunner.run(TestRunner.java:505)
at org.testng.SuiteRunner.runTest(SuiteRunner.java:455)
at org.testng.SuiteRunner.runSequentially(SuiteRunner.java:450)
at org.testng.SuiteRunner.privateRun(SuiteRunner.java:415)
at org.testng.SuiteRunner.run(SuiteRunner.java:364)
at org.testng.SuiteRunnerWorker.runSuite(SuiteRunnerWorker.java:52)
at org.testng.SuiteRunnerWorker.run(SuiteRunnerWorker.java:84)
at org.testng.TestNG.runSuitesSequentially(TestNG.java:1208)
at org.testng.TestNG.runSuitesLocally(TestNG.java:1137)
at org.testng.TestNG.runSuites(TestNG.java:1049)
at org.testng.TestNG.run(TestNG.java:1017)
at org.testng.remote.AbstractRemoteTestNG.run(AbstractRemoteTestNG.java:114)
at org.testng.remote.RemoteTestNG.initAndRun(RemoteTestNG.java:251)
at org.testng.remote.RemoteTestNG.main(RemoteTestNG.java:77)
]]>
            </full-stacktrace>
          </exception> <!-- org.testng.TestNGException -->
          <reporter-output>
          </reporter-output>
        </test-method> <!-- createCustomerWithNameAndDescription -->
        <test-method status="SKIP" signature="logout()[pri:0, instance:com.actitime.testscripts.CreateCustomerTest@3abbfa04]" name="logout" is-config="true" duration-ms="0" started-at="2020-04-30T10:00:20Z" finished-at="2020-04-30T10:00:20Z">
          <reporter-output>
          </reporter-output>
        </test-method> <!-- logout -->
        <test-method status="SKIP" signature="loginSetup()[pri:0, instance:com.actitime.testscripts.CreateCustomerTest@3abbfa04]" name="loginSetup" is-config="true" duration-ms="0" started-at="2020-04-30T10:00:20Z" finished-at="2020-04-30T10:00:20Z">
          <reporter-output>
          </reporter-output>
        </test-method> <!-- loginSetup -->
        <test-method status="SKIP" signature="createCustomerwithName()[pri:0, instance:com.actitime.testscripts.CreateCustomerTest@3abbfa04]" name="createCustomerwithName" duration-ms="0" started-at="2020-04-30T10:00:20Z" finished-at="2020-04-30T10:00:20Z">
          <exception class="org.testng.TestNGException">
            <message>
              <![CDATA[
Parameter 'browser' is required by BeforeClass on method classetup but has not been marked @Optional or defined
in C:\Users\DELL\Desktop\java 1.8.201\ActitimeProject\testng.xml]]>
            </message>
            <full-stacktrace>
              <![CDATA[org.testng.TestNGException: 
Parameter 'browser' is required by BeforeClass on method classetup but has not been marked @Optional or defined
in C:\Users\DELL\Desktop\java 1.8.201\ActitimeProject\testng.xml
at org.testng.internal.Parameters.createParams(Parameters.java:290)
at org.testng.internal.Parameters.createParametersForMethod(Parameters.java:359)
at org.testng.internal.Parameters.createParameters(Parameters.java:620)
at org.testng.internal.Parameters.createConfigurationParameters(Parameters.java:190)
at org.testng.internal.Invoker.invokeConfigurations(Invoker.java:209)
at org.testng.internal.Invoker.invokeConfigurations(Invoker.java:142)
at org.testng.internal.TestMethodWorker.invokeBeforeClassMethods(TestMethodWorker.java:168)
at org.testng.internal.TestMethodWorker.run(TestMethodWorker.java:105)
at org.testng.TestRunner.privateRun(TestRunner.java:648)
at org.testng.TestRunner.run(TestRunner.java:505)
at org.testng.SuiteRunner.runTest(SuiteRunner.java:455)
at org.testng.SuiteRunner.runSequentially(SuiteRunner.java:450)
at org.testng.SuiteRunner.privateRun(SuiteRunner.java:415)
at org.testng.SuiteRunner.run(SuiteRunner.java:364)
at org.testng.SuiteRunnerWorker.runSuite(SuiteRunnerWorker.java:52)
at org.testng.SuiteRunnerWorker.run(SuiteRunnerWorker.java:84)
at org.testng.TestNG.runSuitesSequentially(TestNG.java:1208)
at org.testng.TestNG.runSuitesLocally(TestNG.java:1137)
at org.testng.TestNG.runSuites(TestNG.java:1049)
at org.testng.TestNG.run(TestNG.java:1017)
at org.testng.remote.AbstractRemoteTestNG.run(AbstractRemoteTestNG.java:114)
at org.testng.remote.RemoteTestNG.initAndRun(RemoteTestNG.java:251)
at org.testng.remote.RemoteTestNG.main(RemoteTestNG.java:77)
]]>
            </full-stacktrace>
          </exception> <!-- org.testng.TestNGException -->
          <reporter-output>
          </reporter-output>
        </test-method> <!-- createCustomerwithName -->
        <test-method status="SKIP" signature="logout()[pri:0, instance:com.actitime.testscripts.CreateCustomerTest@3abbfa04]" name="logout" is-config="true" duration-ms="0" started-at="2020-04-30T10:00:20Z" finished-at="2020-04-30T10:00:20Z">
          <reporter-output>
          </reporter-output>
        </test-method> <!-- logout -->
        <test-method status="SKIP" signature="classteardown()[pri:0, instance:com.actitime.testscripts.CreateCustomerTest@3abbfa04]" name="classteardown" is-config="true" duration-ms="0" started-at="2020-04-30T10:00:20Z" finished-at="2020-04-30T10:00:20Z">
          <reporter-output>
          </reporter-output>
        </test-method> <!-- classteardown -->
      </class> <!-- com.actitime.testscripts.CreateCustomerTest -->
    </test> <!-- CreateCustomerTest -->
  </suite> <!-- Suite -->
</testng-results>
